2026-05-04 07:36:15 [INFO] Targeting season=2026 round=11
2026-05-04 07:36:15 [INFO] Attempt 1/3 — R11 2026
2026-05-04 07:36:15 [INFO] ESPN schedule: https://site.api.espn.com/apis/site/v2/sports/rugby-league/nrl/schedule?seasontype=2&season=2026&week=11
2026-05-04 07:36:16 [WARNING] Fetch failed https://site.api.espn.com/apis/site/v2/sports/rugby-league/nrl/schedule?seasontype=2&season=2026&week=11 — 404 Client Error: Not Found for url: https://site.api.espn.com/apis/site/v2/sports/rugby-league/nrl/schedule?seasontype=2&season=2026&week=11
2026-05-04 07:36:16 [INFO] ESPN scoreboard fallback: https://site.api.espn.com/apis/site/v2/sports/rugby-league/nrl/scoreboard?limit=20&seasontype=2
2026-05-04 07:36:17 [WARNING] Fetch failed https://site.api.espn.com/apis/site/v2/sports/rugby-league/nrl/scoreboard?limit=20&seasontype=2 — 400 Client Error: Bad Request for url: https://site.api.espn.com/apis/site/v2/sports/rugby-league/nrl/scoreboard?limit=20&seasontype=2
2026-05-04 07:36:17 [WARNING] No games found, retrying in 30s
2026-05-04 07:36:47 [INFO] Attempt 2/3 — R11 2026
2026-05-04 07:36:47 [INFO] ESPN schedule: https://site.api.espn.com/apis/site/v2/sports/rugby-league/nrl/schedule?seasontype=2&season=2026&week=11
2026-05-04 07:36:48 [WARNING] Fetch failed https://site.api.espn.com/apis/site/v2/sports/rugby-league/nrl/schedule?seasontype=2&season=2026&week=11 — 404 Client Error: Not Found for url: https://site.api.espn.com/apis/site/v2/sports/rugby-league/nrl/schedule?seasontype=2&season=2026&week=11
2026-05-04 07:36:48 [INFO] ESPN scoreboard fallback: https://site.api.espn.com/apis/site/v2/sports/rugby-league/nrl/scoreboard?limit=20&seasontype=2
2026-05-04 07:36:48 [WARNING] Fetch failed https://site.api.espn.com/apis/site/v2/sports/rugby-league/nrl/scoreboard?limit=20&seasontype=2 — 400 Client Error: Bad Request for url: https://site.api.espn.com/apis/site/v2/sports/rugby-league/nrl/scoreboard?limit=20&seasontype=2
2026-05-04 07:36:48 [WARNING] No games found, retrying in 30s
2026-05-04 07:37:18 [INFO] Attempt 3/3 — R11 2026
2026-05-04 07:37:18 [INFO] ESPN schedule: https://site.api.espn.com/apis/site/v2/sports/rugby-league/nrl/schedule?seasontype=2&season=2026&week=11
2026-05-04 07:37:19 [WARNING] Fetch failed https://site.api.espn.com/apis/site/v2/sports/rugby-league/nrl/schedule?seasontype=2&season=2026&week=11 — 404 Client Error: Not Found for url: https://site.api.espn.com/apis/site/v2/sports/rugby-league/nrl/schedule?seasontype=2&season=2026&week=11
2026-05-04 07:37:19 [INFO] ESPN scoreboard fallback: https://site.api.espn.com/apis/site/v2/sports/rugby-league/nrl/scoreboard?limit=20&seasontype=2
2026-05-04 07:37:19 [WARNING] Fetch failed https://site.api.espn.com/apis/site/v2/sports/rugby-league/nrl/scoreboard?limit=20&seasontype=2 — 400 Client Error: Bad Request for url: https://site.api.espn.com/apis/site/v2/sports/rugby-league/nrl/scoreboard?limit=20&seasontype=2
2026-05-04 07:37:19 [ERROR] All attempts exhausted — no fixture data for R11
2026-05-04 07:42:43 [INFO] Targeting season=2026 round=11
2026-05-04 07:42:43 [INFO] Attempt 1/3 — R11 2026
2026-05-04 07:42:43 [INFO] NRL draw API: https://www.nrl.com/draw/data/?competition=111&season=2026&round=11
2026-05-04 07:42:44 [INFO] Wrote latest-fixture.json — 8 games, round 11
